<?xml version="1.0" encoding="UTF-8"?>
<testng-results skipped="0" failed="0" ignored="0" total="1" passed="1">
  <reporter-output>
  </reporter-output>
  <suite name="Default suite" duration-ms="938" started-at="2023-04-17T09:41:56 IST" finished-at="2023-04-17T09:41:57 IST">
    <groups>
    </groups>
    <test name="Default test" duration-ms="938" started-at="2023-04-17T09:41:56 IST" finished-at="2023-04-17T09:41:57 IST">
      <class name="Letspush.Abc">
        <test-method status="PASS" signature="browser()[pri:0, instance:Letspush.Abc@33f88ab]" name="browser" is-config="true" duration-ms="5515" started-at="2023-04-17T09:41:51 IST" finished-at="2023-04-17T09:41:56 IST">
          <reporter-output>
          </reporter-output>
        </test-method> <!-- browser -->
        <test-method status="PASS" signature="Test()[pri:0, instance:Letspush.Abc@33f88ab]" name="Test" duration-ms="878" started-at="2023-04-17T09:41:56 IST" finished-at="2023-04-17T09:41:57 IST">
          <reporter-output>
          </reporter-output>
        </test-method> <!-- Test -->
      </class> <!-- Letspush.Abc -->
    </test> <!-- Default test -->
  </suite> <!-- Default suite -->
</testng-results>
